<?xml version="1.0" encoding="UTF-8"?>
<testsuite name="GreeterTest" tests="1" skipped="0" failures="0" errors="0" timestamp="2021-03-08T15:52:08" hostname="SDYMACBNELFORD.UCN.NET" time="0.002">
  <properties/>
  <testcase name="testThatGreeterReturnsTheCorrectGreeting" classname="GreeterTest" time="0.002"/>
  <system-out><![CDATA[]]></system-out>
  <system-err><![CDATA[]]></system-err>
</testsuite>
